#
# There is insufficient memory for the Java Runtime Environment to continue.
# Native memory allocation (malloc) failed to allocate 860816 bytes for Chunk::new
# Possible reasons:
#   The system is out of physical RAM or swap space
#   The process is running with CompressedOops enabled, and the Java Heap may be blocking the growth of the native heap
# Possible solutions:
#   Reduce memory load on the system
#   Increase physical memory or swap space
#   Check if swap backing store is full
#   Decrease Java heap size (-Xmx/-Xms)
#   Decrease number of Java threads
#   Decrease Java thread stack sizes (-Xss)
#   Set larger code cache with -XX:ReservedCodeCacheSize=
#   JVM is running with Unscaled Compressed Oops mode in which the Java heap is
#     placed in the first 4GB address space. The Java Heap base address is the
#     maximum limit for the native heap growth. Please use -XX:HeapBaseMinAddress
#     to set the Java Heap base and to place the Java Heap above 4GB virtual address.
# This output file may be truncated or incomplete.
#
#  Out of Memory Error (t:/workspace/open/src/hotspot/share/memory/arena.cpp:196), pid=15996, tid=13004
#
# JRE version: Java(TM) SE Runtime Environment (13.0.1+9) (build 13.0.1+9)
# Java VM: Java HotSpot(TM) 64-Bit Server VM (13.0.1+9, mixed mode, sharing, tiered, compressed oops, g1 gc, windows-amd64)
# No core dump will be written. Minidumps are not enabled by default on client versions of Windows
#

---------------  S U M M A R Y ------------

Command Line: -Dfile.encoding=UTF-8 com.sesame.ProjetUniversiteApplication

Host: Intel(R) Core(TM) i5-3317U CPU @ 1.70GHz, 4 cores, 3G,  Windows 10 , 64 bit Build 18362 (10.0.18362.329)
Time: Tue Mar  3 14:48:36 2020 Romance Standard Time elapsed time: 1 seconds (0d 0h 0m 1s)

---------------  T H R E A D  ---------------

Current thread (0x000002e1ffdb7800):  JavaThread "C2 CompilerThread0" daemon [_thread_in_native, id=13004, stack(0x000000f6ca000000,0x000000f6ca100000)]


Current CompileTask:
C2:   1307  606   !   4       jdk.internal.loader.URLClassPath$JarLoader::getResource (65 bytes)

Stack: [0x000000f6ca000000,0x000000f6ca100000]
Native frames: (J=compiled Java code, j=interpreted, Vv=VM code, C=native code)
V  [jvm.dll+0x626eca]
V  [jvm.dll+0x772c6a]
V  [jvm.dll+0x77441f]
V  [jvm.dll+0x774a23]
V  [jvm.dll+0x24da58]
V  [jvm.dll+0xc3ae7]
V  [jvm.dll+0xc406c]
V  [jvm.dll+0x35de18]
V  [jvm.dll+0x329593]
V  [jvm.dll+0x32896a]
V  [jvm.dll+0x2078c7]
V  [jvm.dll+0x206adf]
V  [jvm.dll+0x18b94c]
V  [jvm.dll+0x2159bd]
V  [jvm.dll+0x213e6b]
V  [jvm.dll+0x738b16]
V  [jvm.dll+0x731c0a]
V  [jvm.dll+0x6260c6]
C  [ucrtbase.dll+0x20e72]
C  [KERNEL32.DLL+0x17bd4]
C  [ntdll.dll+0x6ced1]


---------------  P R O C E S S  ---------------

Threads class SMR info:
_java_thread_list=0x000002e1981d5b50, length=11, elements={
0x000002e1fb298800, 0x000002e1ffd9b800, 0x000002e1ffd9c800, 0x000002e1ffdb3800,
0x000002e1ffdb4800, 0x000002e1ffdb7800, 0x000002e1ffe22800, 0x000002e1ffe27800,
0x000002e197d03800, 0x000002e197d04800, 0x000002e19862d000
}

Java Threads: ( => current thread )
  0x000002e1fb298800 JavaThread "main" [_thread_in_native, id=10352, stack(0x000000f6c9500000,0x000000f6c9600000)]
  0x000002e1ffd9b800 JavaThread "Reference Handler" daemon [_thread_blocked, id=16972, stack(0x000000f6c9c00000,0x000000f6c9d00000)]
  0x000002e1ffd9c800 JavaThread "Finalizer" daemon [_thread_blocked, id=5404, stack(0x000000f6c9d00000,0x000000f6c9e00000)]
  0x000002e1ffdb3800 JavaThread "Signal Dispatcher" daemon [_thread_blocked, id=11420, stack(0x000000f6c9e00000,0x000000f6c9f00000)]
  0x000002e1ffdb4800 JavaThread "Attach Listener" daemon [_thread_blocked, id=16560, stack(0x000000f6c9f00000,0x000000f6ca000000)]
=>0x000002e1ffdb7800 JavaThread "C2 CompilerThread0" daemon [_thread_in_native, id=13004, stack(0x000000f6ca000000,0x000000f6ca100000)]
  0x000002e1ffe22800 JavaThread "C1 CompilerThread0" daemon [_thread_blocked, id=5848, stack(0x000000f6ca100000,0x000000f6ca200000)]
  0x000002e1ffe27800 JavaThread "Sweeper thread" daemon [_thread_blocked, id=14544, stack(0x000000f6ca200000,0x000000f6ca300000)]
  0x000002e197d03800 JavaThread "Service Thread" daemon [_thread_blocked, id=16436, stack(0x000000f6ca300000,0x000000f6ca400000)]
  0x000002e197d04800 JavaThread "Common-Cleaner" daemon [_thread_blocked, id=3212, stack(0x000000f6ca500000,0x000000f6ca600000)]
  0x000002e19862d000 JavaThread "C2 CompilerThread1" daemon [_thread_blocked, id=15500, stack(0x000000f6ca600000,0x000000f6ca700000)]

Other Threads:
  0x000002e1ffd90000 VMThread "VM Thread" [stack: 0x000000f6c9b00000,0x000000f6c9c00000] [id=15140]
  0x000002e197d08000 WatcherThread [stack: 0x000000f6ca400000,0x000000f6ca500000] [id=10344]
  0x000002e1fb2c7800 GCTaskThread "GC Thread#0" [stack: 0x000000f6c9600000,0x000000f6c9700000] [id=12552]
  0x000002e1986fc800 GCTaskThread "GC Thread#1" [stack: 0x000000f6ca700000,0x000000f6ca800000] [id=18056]
  0x000002e1fb2d2000 ConcurrentGCThread "G1 Main Marker" [stack: 0x000000f6c9700000,0x000000f6c9800000] [id=15664]
  0x000002e1fb2d3800 ConcurrentGCThread "G1 Conc#0" [stack: 0x000000f6c9800000,0x000000f6c9900000] [id=18368]
  0x000002e1fb317000 ConcurrentGCThread "G1 Refine#0" [stack: 0x000000f6c9900000,0x000000f6c9a00000] [id=15744]
  0x000002e1fb31a800 ConcurrentGCThread "G1 Young RemSet Sampling" [stack: 0x000000f6c9a00000,0x000000f6c9b00000] [id=8900]

Threads with active compile tasks:
C2 CompilerThread0     1358  606   !   4       jdk.internal.loader.URLClassPath$JarLoader::getResource (65 bytes)

VM state:not at safepoint (normal execution)

VM Mutex/Monitor currently owned by a thread: None

Heap address: 0x00000000c2800000, size: 984 MB, Compressed Oops mode: 32-bit
Narrow klass base: 0x0000000800000000, Narrow klass shift: 3
Compressed class space size: 1073741824 Address: 0x0000000800b40000

Heap:
 garbage-first heap   total 63488K, used 6856K [0x00000000c2800000, 0x0000000100000000)
  region size 1024K, 4 young (4096K), 2 survivors (2048K)
 Metaspace       used 3108K, capacity 5883K, committed 6016K, reserved 1056768K
  class space    used 325K, capacity 581K, committed 640K, reserved 1048576K
Heap Regions: E=young(eden), S=young(survivor), O=old, HS=humongous(starts), HC=humongous(continues), CS=collection set, F=free, A=archive, TAMS=top-at-mark-start (previous, next)
|   0|0x00000000c2800000, 0x00000000c2900000, 0x00000000c2900000|100%|HS|  |TAMS 0x00000000c2800000, 0x00000000c2800000| Complete 
|   1|0x00000000c2900000, 0x00000000c2a00000, 0x00000000c2a00000|100%| O|  |TAMS 0x00000000c2900000, 0x00000000c2900000| Untracked 
|   2|0x00000000c2a00000, 0x00000000c2b00000, 0x00000000c2b00000|100%| O|  |TAMS 0x00000000c2a00000, 0x00000000c2a00000| Untracked 
|   3|0x00000000c2b00000, 0x00000000c2bb2200, 0x00000000c2c00000| 69%| O|  |TAMS 0x00000000c2b00000, 0x00000000c2b00000| Untracked 
|   4|0x00000000c2c00000, 0x00000000c2c00000, 0x00000000c2d00000|  0%| F|  |TAMS 0x00000000c2c00000, 0x00000000c2c00000| Untracked 
|   5|0x00000000c2d00000, 0x00000000c2d00000, 0x00000000c2e00000|  0%| F|  |TAMS 0x00000000c2d00000, 0x00000000c2d00000| Untracked 
|   6|0x00000000c2e00000, 0x00000000c2e00000, 0x00000000c2f00000|  0%| F|  |TAMS 0x00000000c2e00000, 0x00000000c2e00000| Untracked 
|   7|0x00000000c2f00000, 0x00000000c2f00000, 0x00000000c3000000|  0%| F|  |TAMS 0x00000000c2f00000, 0x00000000c2f00000| Untracked 
|   8|0x00000000c3000000, 0x00000000c3000000, 0x00000000c3100000|  0%| F|  |TAMS 0x00000000c3000000, 0x00000000c3000000| Untracked 
|   9|0x00000000c3100000, 0x00000000c3100000, 0x00000000c3200000|  0%| F|  |TAMS 0x00000000c3100000, 0x00000000c3100000| Untracked 
|  10|0x00000000c3200000, 0x00000000c3200000, 0x00000000c3300000|  0%| F|  |TAMS 0x00000000c3200000, 0x00000000c3200000| Untracked 
|  11|0x00000000c3300000, 0x00000000c3300000, 0x00000000c3400000|  0%| F|  |TAMS 0x00000000c3300000, 0x00000000c3300000| Untracked 
|  12|0x00000000c3400000, 0x00000000c3400000, 0x00000000c3500000|  0%| F|  |TAMS 0x00000000c3400000, 0x00000000c3400000| Untracked 
|  13|0x00000000c3500000, 0x00000000c3500000, 0x00000000c3600000|  0%| F|  |TAMS 0x00000000c3500000, 0x00000000c3500000| Untracked 
|  14|0x00000000c3600000, 0x00000000c3600000, 0x00000000c3700000|  0%| F|  |TAMS 0x00000000c3600000, 0x00000000c3600000| Untracked 
|  15|0x00000000c3700000, 0x00000000c3700000, 0x00000000c3800000|  0%| F|  |TAMS 0x00000000c3700000, 0x00000000c3700000| Untracked 
|  16|0x00000000c3800000, 0x00000000c3800000, 0x00000000c3900000|  0%| F|  |TAMS 0x00000000c3800000, 0x00000000c3800000| Untracked 
|  17|0x00000000c3900000, 0x00000000c3900000, 0x00000000c3a00000|  0%| F|  |TAMS 0x00000000c3900000, 0x00000000c3900000| Untracked 
|  18|0x00000000c3a00000, 0x00000000c3a00000, 0x00000000c3b00000|  0%| F|  |TAMS 0x00000000c3a00000, 0x00000000c3a00000| Untracked 
|  19|0x00000000c3b00000, 0x00000000c3b00000, 0x00000000c3c00000|  0%| F|  |TAMS 0x00000000c3b00000, 0x00000000c3b00000| Untracked 
|  20|0x00000000c3c00000, 0x00000000c3c00000, 0x00000000c3d00000|  0%| F|  |TAMS 0x00000000c3c00000, 0x00000000c3c00000| Untracked 
|  21|0x00000000c3d00000, 0x00000000c3d00000, 0x00000000c3e00000|  0%| F|  |TAMS 0x00000000c3d00000, 0x00000000c3d00000| Untracked 
|  22|0x00000000c3e00000, 0x00000000c3e00000, 0x00000000c3f00000|  0%| F|  |TAMS 0x00000000c3e00000, 0x00000000c3e00000| Untracked 
|  23|0x00000000c3f00000, 0x00000000c3f00000, 0x00000000c4000000|  0%| F|  |TAMS 0x00000000c3f00000, 0x00000000c3f00000| Untracked 
|  24|0x00000000c4000000, 0x00000000c4000000, 0x00000000c4100000|  0%| F|  |TAMS 0x00000000c4000000, 0x00000000c4000000| Untracked 
|  25|0x00000000c4100000, 0x00000000c4100000, 0x00000000c4200000|  0%| F|  |TAMS 0x00000000c4100000, 0x00000000c4100000| Untracked 
|  26|0x00000000c4200000, 0x00000000c4200000, 0x00000000c4300000|  0%| F|  |TAMS 0x00000000c4200000, 0x00000000c4200000| Untracked 
|  27|0x00000000c4300000, 0x00000000c4300000, 0x00000000c4400000|  0%| F|  |TAMS 0x00000000c4300000, 0x00000000c4300000| Untracked 
|  28|0x00000000c4400000, 0x00000000c4400000, 0x00000000c4500000|  0%| F|  |TAMS 0x00000000c4400000, 0x00000000c4400000| Untracked 
|  29|0x00000000c4500000, 0x00000000c4500000, 0x00000000c4600000|  0%| F|  |TAMS 0x00000000c4500000, 0x00000000c4500000| Untracked 
|  30|0x00000000c4600000, 0x00000000c4600000, 0x00000000c4700000|  0%| F|  |TAMS 0x00000000c4600000, 0x00000000c4600000| Untracked 
|  31|0x00000000c4700000, 0x00000000c4700000, 0x00000000c4800000|  0%| F|  |TAMS 0x00000000c4700000, 0x00000000c4700000| Untracked 
|  32|0x00000000c4800000, 0x00000000c4800000, 0x00000000c4900000|  0%| F|  |TAMS 0x00000000c4800000, 0x00000000c4800000| Untracked 
|  33|0x00000000c4900000, 0x00000000c4900000, 0x00000000c4a00000|  0%| F|  |TAMS 0x00000000c4900000, 0x00000000c4900000| Untracked 
|  34|0x00000000c4a00000, 0x00000000c4a00000, 0x00000000c4b00000|  0%| F|  |TAMS 0x00000000c4a00000, 0x00000000c4a00000| Untracked 
|  35|0x00000000c4b00000, 0x00000000c4b00000, 0x00000000c4c00000|  0%| F|  |TAMS 0x00000000c4b00000, 0x00000000c4b00000| Untracked 
|  36|0x00000000c4c00000, 0x00000000c4c00000, 0x00000000c4d00000|  0%| F|  |TAMS 0x00000000c4c00000, 0x00000000c4c00000| Untracked 
|  37|0x00000000c4d00000, 0x00000000c4d00000, 0x00000000c4e00000|  0%| F|  |TAMS 0x00000000c4d00000, 0x00000000c4d00000| Untracked 
|  38|0x00000000c4e00000, 0x00000000c4e00000, 0x00000000c4f00000|  0%| F|  |TAMS 0x00000000c4e00000, 0x00000000c4e00000| Untracked 
|  39|0x00000000c4f00000, 0x00000000c4f00000, 0x00000000c5000000|  0%| F|  |TAMS 0x00000000c4f00000, 0x00000000c4f00000| Untracked 
|  40|0x00000000c5000000, 0x00000000c5000000, 0x00000000c5100000|  0%| F|  |TAMS 0x00000000c5000000, 0x00000000c5000000| Untracked 
|  41|0x00000000c5100000, 0x00000000c5100000, 0x00000000c5200000|  0%| F|  |TAMS 0x00000000c5100000, 0x00000000c5100000| Untracked 
|  42|0x00000000c5200000, 0x00000000c5200000, 0x00000000c5300000|  0%| F|  |TAMS 0x00000000c5200000, 0x00000000c5200000| Untracked 
|  43|0x00000000c5300000, 0x00000000c5300000, 0x00000000c5400000|  0%| F|  |TAMS 0x00000000c5300000, 0x00000000c5300000| Untracked 
|  44|0x00000000c5400000, 0x00000000c5400000, 0x00000000c5500000|  0%| F|  |TAMS 0x00000000c5400000, 0x00000000c5400000| Untracked 
|  45|0x00000000c5500000, 0x00000000c5500000, 0x00000000c5600000|  0%| F|  |TAMS 0x00000000c5500000, 0x00000000c5500000| Untracked 
|  46|0x00000000c5600000, 0x00000000c5700000, 0x00000000c5700000|100%| S|CS|TAMS 0x00000000c5600000, 0x00000000c5600000| Complete 
|  47|0x00000000c5700000, 0x00000000c5800000, 0x00000000c5800000|100%| S|CS|TAMS 0x00000000c5700000, 0x00000000c5700000| Complete 
|  48|0x00000000c5800000, 0x00000000c5800000, 0x00000000c5900000|  0%| F|  |TAMS 0x00000000c5800000, 0x00000000c5800000| Untracked 
|  49|0x00000000c5900000, 0x00000000c5900000, 0x00000000c5a00000|  0%| F|  |TAMS 0x00000000c5900000, 0x00000000c5900000| Untracked 
|  50|0x00000000c5a00000, 0x00000000c5a00000, 0x00000000c5b00000|  0%| F|  |TAMS 0x00000000c5a00000, 0x00000000c5a00000| Untracked 
|  51|0x00000000c5b00000, 0x00000000c5b00000, 0x00000000c5c00000|  0%| F|  |TAMS 0x00000000c5b00000, 0x00000000c5b00000| Untracked 
|  52|0x00000000c5c00000, 0x00000000c5c00000, 0x00000000c5d00000|  0%| F|  |TAMS 0x00000000c5c00000, 0x00000000c5c00000| Untracked 
|  53|0x00000000c5d00000, 0x00000000c5d00000, 0x00000000c5e00000|  0%| F|  |TAMS 0x00000000c5d00000, 0x00000000c5d00000| Untracked 
|  54|0x00000000c5e00000, 0x00000000c5e00000, 0x00000000c5f00000|  0%| F|  |TAMS 0x00000000c5e00000, 0x00000000c5e00000| Untracked 
|  55|0x00000000c5f00000, 0x00000000c5f00000, 0x00000000c6000000|  0%| F|  |TAMS 0x00000000c5f00000, 0x00000000c5f00000| Untracked 
|  56|0x00000000c6000000, 0x00000000c6000000, 0x00000000c6100000|  0%| F|  |TAMS 0x00000000c6000000, 0x00000000c6000000| Untracked 
|  57|0x00000000c6100000, 0x00000000c6100000, 0x00000000c6200000|  0%| F|  |TAMS 0x00000000c6100000, 0x00000000c6100000| Untracked 
|  58|0x00000000c6200000, 0x00000000c6200000, 0x00000000c6300000|  0%| F|  |TAMS 0x00000000c6200000, 0x00000000c6200000| Untracked 
|  59|0x00000000c6300000, 0x00000000c6300000, 0x00000000c6400000|  0%| F|  |TAMS 0x00000000c6300000, 0x00000000c6300000| Untracked 
|  60|0x00000000c6400000, 0x00000000c6500000, 0x00000000c6500000|100%| E|  |TAMS 0x00000000c6400000, 0x00000000c6400000| Complete 
|  61|0x00000000c6500000, 0x00000000c6600000, 0x00000000c6600000|100%| E|CS|TAMS 0x00000000c6500000, 0x00000000c6500000| Complete 

Card table byte_map: [0x000002e1fb550000,0x000002e1fb740000] _byte_map_base: 0x000002e1faf3c000

Marking Bits (Prev, Next): (CMBitMap*) 0x000002e1fb2c9778, (CMBitMap*) 0x000002e1fb2c97b8
 Prev Bits: [0x000002e1fb930000, 0x000002e1fc890000)
 Next Bits: [0x000002e1fc890000, 0x000002e1fd7f0000)

Polling page: 0x000002e1f90a0000

Metaspace:

Usage:
  Non-class:      5.18 MB capacity,     2.72 MB ( 53%) used,     2.45 MB ( 47%) free+waste,     3.81 KB ( <1%) overhead. 
      Class:    581.00 KB capacity,   325.16 KB ( 56%) used,   253.53 KB ( 44%) free+waste,     2.31 KB ( <1%) overhead. 
       Both:      5.75 MB capacity,     3.04 MB ( 53%) used,     2.70 MB ( 47%) free+waste,     6.13 KB ( <1%) overhead. 

Virtual space:
  Non-class space:        8.00 MB reserved,       5.25 MB ( 66%) committed 
      Class space:        1.00 GB reserved,     640.00 KB ( <1%) committed 
             Both:        1.01 GB reserved,       5.88 MB ( <1%) committed 

Chunk freelists:
   Non-Class:  10.00 KB
       Class:  27.00 KB
        Both:  37.00 KB

MaxMetaspaceSize: 17179869184.00 GB
CompressedClassSpaceSize: 1.00 GB

CodeHeap 'non-profiled nmethods': size=120064Kb used=242Kb max_used=242Kb free=119821Kb
 bounds [0x000002e18fef0000, 0x000002e190160000, 0x000002e197430000]
CodeHeap 'profiled nmethods': size=120000Kb used=1420Kb max_used=1420Kb free=118579Kb
 bounds [0x000002e1889c0000, 0x000002e188c30000, 0x000002e18fef0000]
CodeHeap 'non-nmethods': size=5696Kb used=1153Kb max_used=1169Kb free=4542Kb
 bounds [0x000002e188430000, 0x000002e1886a0000, 0x000002e1889c0000]
 total_blobs=1553 nmethods=701 adapters=309
 compilation: enabled
              stopped_count=0, restarted_count=0
 full_count=0

Compilation events (20 events):
Event: 1.223 Thread 0x000002e1ffe22800 nmethod 665 0x000002e188b0ca10 code [0x000002e188b0cbe0, 0x000002e188b0cf20]
Event: 1.224 Thread 0x000002e1ffe22800  666       3       java.util.HashSet::<init> (16 bytes)
Event: 1.225 Thread 0x000002e1ffe22800 nmethod 666 0x000002e188b0d010 code [0x000002e188b0d1e0, 0x000002e188b0d678]
Event: 1.230 Thread 0x000002e1ffe22800  669   !   3       jdk.internal.loader.URLClassPath$JarLoader::getResource (354 bytes)
Event: 1.235 Thread 0x000002e1ffe22800 nmethod 669 0x000002e188b0d810 code [0x000002e188b0dd20, 0x000002e188b10450]
Event: 1.239 Thread 0x000002e1ffe22800  671   !   3       java.util.zip.Inflater::needsInput (55 bytes)
Event: 1.240 Thread 0x000002e1ffe22800 nmethod 671 0x000002e188b11b10 code [0x000002e188b11ce0, 0x000002e188b121f8]
Event: 1.243 Thread 0x000002e1ffe22800  672       3       java.util.zip.ZipFile$Source::getEntryPos (9 bytes)
Event: 1.243 Thread 0x000002e1ffe22800 nmethod 672 0x000002e188b12310 code [0x000002e188b124c0, 0x000002e188b12678]
Event: 1.245 Thread 0x000002e19862d000 nmethod 609 0x000002e18ff26590 code [0x000002e18ff267a0, 0x000002e18ff27900]
Event: 1.245 Thread 0x000002e19862d000  668       4       java.util.jar.JarFile::getEntry (22 bytes)
Event: 1.247 Thread 0x000002e1ffe22800  673       3       java.util.jar.JarFile::getVersionedEntry (85 bytes)
Event: 1.249 Thread 0x000002e1ffe22800 nmethod 673 0x000002e188b12790 code [0x000002e188b12a80, 0x000002e188b13b90]
Event: 1.269 Thread 0x000002e1ffe22800  674       3       java.io.FilterInputStream::<init> (10 bytes)
Event: 1.269 Thread 0x000002e1ffe22800 nmethod 674 0x000002e188b14190 code [0x000002e188b14340, 0x000002e188b145d8]
Event: 1.291 Thread 0x000002e1ffe22800  675       1       java.lang.invoke.MethodHandle::type (5 bytes)
Event: 1.292 Thread 0x000002e1ffe22800 nmethod 675 0x000002e18ff28390 code [0x000002e18ff28520, 0x000002e18ff28658]
Event: 1.302 Thread 0x000002e1ffe22800  676       3       java.lang.Integer::shortValue (6 bytes)
Event: 1.302 Thread 0x000002e1ffe22800 nmethod 676 0x000002e188b14690 code [0x000002e188b14820, 0x000002e188b149b8]
Event: 1.302 Thread 0x000002e1ffe22800  678       3       java.io.ByteArrayOutputStream::ensureCapacity (32 bytes)

GC Heap History (2 events):
Event: 1.255 GC heap before
{Heap before GC invocations=0 (full 0):
 garbage-first heap   total 63488K, used 14336K [0x00000000c2800000, 0x0000000100000000)
  region size 1024K, 14 young (14336K), 0 survivors (0K)
 Metaspace       used 2603K, capacity 5653K, committed 5760K, reserved 1056768K
  class space    used 259K, capacity 547K, committed 640K, reserved 1048576K
}
Event: 1.268 GC heap after
{Heap after GC invocations=1 (full 0):
 garbage-first heap   total 63488K, used 5832K [0x00000000c2800000, 0x0000000100000000)
  region size 1024K, 2 young (2048K), 2 survivors (2048K)
 Metaspace       used 2603K, capacity 5653K, committed 5760K, reserved 1056768K
  class space    used 259K, capacity 547K, committed 640K, reserved 1048576K
}

Deoptimization events (20 events):
Event: 0.807 Thread 0x000002e1fb298800 Uncommon trap: trap_request=0xffffff45 fr.pc=0x000002e18ff096e8 relative=0x00000000000002c8
Event: 0.807 Thread 0x000002e1fb298800 Uncommon trap: reason=unstable_if action=reinterpret pc=0x000002e18ff096e8 method=java.io.BufferedReader.read()I @ 19 c2
Event: 0.807 Thread 0x000002e1fb298800 DEOPT PACKING pc=0x000002e18ff096e8 sp=0x000000f6c95fbcf0
Event: 0.807 Thread 0x000002e1fb298800 DEOPT UNPACKING pc=0x000002e18847912f sp=0x000000f6c95fbc30 mode 2
Event: 1.002 Thread 0x000002e1fb298800 Uncommon trap: trap_request=0xffffff45 fr.pc=0x000002e18fefd2e4 relative=0x00000000000003a4
Event: 1.002 Thread 0x000002e1fb298800 Uncommon trap: reason=unstable_if action=reinterpret pc=0x000002e18fefd2e4 method=java.lang.StringLatin1.canEncode(I)Z @ 4 c2
Event: 1.002 Thread 0x000002e1fb298800 DEOPT PACKING pc=0x000002e18fefd2e4 sp=0x000000f6c95fd090
Event: 1.002 Thread 0x000002e1fb298800 DEOPT UNPACKING pc=0x000002e18847912f sp=0x000000f6c95fcfb8 mode 2
Event: 1.002 Thread 0x000002e1fb298800 Uncommon trap: trap_request=0xffffff45 fr.pc=0x000002e18fefe750 relative=0x0000000000000390
Event: 1.002 Thread 0x000002e1fb298800 Uncommon trap: reason=unstable_if action=reinterpret pc=0x000002e18fefe750 method=java.lang.AbstractStringBuilder.isLatin1()Z @ 10 c2
Event: 1.002 Thread 0x000002e1fb298800 DEOPT PACKING pc=0x000002e18fefe750 sp=0x000000f6c95fd0a0
Event: 1.002 Thread 0x000002e1fb298800 DEOPT UNPACKING pc=0x000002e18847912f sp=0x000000f6c95fd020 mode 2
Event: 1.017 Thread 0x000002e1fb298800 Uncommon trap: trap_request=0xffffff45 fr.pc=0x000002e18fefa764 relative=0x0000000000000044
Event: 1.017 Thread 0x000002e1fb298800 Uncommon trap: reason=unstable_if action=reinterpret pc=0x000002e18fefa764 method=java.lang.CharacterData.of(I)Ljava/lang/CharacterData; @ 4 c2
Event: 1.017 Thread 0x000002e1fb298800 DEOPT PACKING pc=0x000002e18fefa764 sp=0x000000f6c95fc830
Event: 1.017 Thread 0x000002e1fb298800 DEOPT UNPACKING pc=0x000002e18847912f sp=0x000000f6c95fc7d0 mode 2
Event: 1.135 Thread 0x000002e1fb298800 Uncommon trap: trap_request=0xffffff45 fr.pc=0x000002e18fefc910 relative=0x0000000000000070
Event: 1.135 Thread 0x000002e1fb298800 Uncommon trap: reason=unstable_if action=reinterpret pc=0x000002e18fefc910 method=java.io.WinNTFileSystem.isSlash(C)Z @ 9 c2
Event: 1.135 Thread 0x000002e1fb298800 DEOPT PACKING pc=0x000002e18fefc910 sp=0x000000f6c95fe720
Event: 1.135 Thread 0x000002e1fb298800 DEOPT UNPACKING pc=0x000002e18847912f sp=0x000000f6c95fe6a8 mode 2

Classes unloaded (0 events):
No events

Classes redefined (0 events):
No events

Internal exceptions (3 events):
Event: 0.797 Thread 0x000002e1fb298800 Exception <a 'java/lang/ClassNotFoundException'{0x00000000c5e53ea8}: javax/smartcardio/CardPermission> (0x00000000c5e53ea8) 
thrown [t:/workspace/open/src/hotspot/share/classfile/systemDictionary.cpp, line 232]
Event: 0.810 Thread 0x000002e1fb298800 Exception <a 'java/io/FileNotFoundException'{0x00000000c5e62430}> (0x00000000c5e62430) 
thrown [t:/workspace/open/src/hotspot/share/prims/jni.cpp, line 598]
Event: 1.183 Thread 0x000002e1fb298800 Exception <a 'java/lang/NoSuchMethodError'{0x00000000c59a3278}: 'int java.lang.invoke.DirectMethodHandle$Holder.invokeStaticInit(java.lang.Object, java.lang.Object)'> (0x00000000c59a3278) 
thrown [t:/workspace/open/src/hotspot/share/interpreter/linkResolver.cpp, line 767]

Events (20 events):
Event: 1.297 loading class java/lang/reflect/ProxyGenerator$ConstantPool
Event: 1.297 loading class java/lang/reflect/ProxyGenerator$ConstantPool done
Event: 1.298 loading class java/lang/reflect/ProxyGenerator$ProxyMethod
Event: 1.298 loading class java/lang/reflect/ProxyGenerator$ProxyMethod done
Event: 1.298 loading class java/lang/reflect/ProxyGenerator$MethodInfo
Event: 1.299 loading class java/lang/reflect/ProxyGenerator$MethodInfo done
Event: 1.299 loading class java/lang/reflect/ProxyGenerator$ConstantPool$ValueEntry
Event: 1.299 loading class java/lang/reflect/ProxyGenerator$ConstantPool$Entry
Event: 1.299 loading class java/lang/reflect/ProxyGenerator$ConstantPool$Entry done
Event: 1.299 loading class java/lang/reflect/ProxyGenerator$ConstantPool$ValueEntry done
Event: 1.299 loading class java/io/DataOutputStream
Event: 1.300 loading class java/io/DataOutputStream done
Event: 1.300 loading class java/lang/reflect/ProxyGenerator$ConstantPool$IndirectEntry
Event: 1.300 loading class java/lang/reflect/ProxyGenerator$ConstantPool$IndirectEntry done
Event: 1.300 loading class java/lang/reflect/ProxyGenerator$FieldInfo
Event: 1.300 loading class java/lang/reflect/ProxyGenerator$FieldInfo done
Event: 1.300 loading class java/lang/reflect/ProxyGenerator$PrimitiveTypeInfo
Event: 1.300 loading class java/lang/reflect/ProxyGenerator$PrimitiveTypeInfo done
Event: 1.301 loading class java/lang/reflect/ProxyGenerator$ExceptionTableEntry
Event: 1.301 loading class java/lang/reflect/ProxyGenerator$ExceptionTableEntry done


Dynamic libraries:
0x00007ff6ff790000 - 0x00007ff6ff79f000 	C:\Program Files\Java\jdk-13.0.1\bin\javaw.exe
0x00007ffdcef20000 - 0x00007ffdcf110000 	C:\WINDOWS\SYSTEM32\ntdll.dll
0x00007ffdce930000 - 0x00007ffdce9e2000 	C:\WINDOWS\System32\KERNEL32.DLL
0x00007ffdccc50000 - 0x00007ffdccef3000 	C:\WINDOWS\System32\KERNELBASE.dll
0x00007ffdccf30000 - 0x00007ffdcd02a000 	C:\WINDOWS\System32\ucrtbase.dll
0x00007ffda3be0000 - 0x00007ffda3bf8000 	C:\Program Files\Java\jdk-13.0.1\bin\jli.dll
0x00007ffdcdae0000 - 0x00007ffdcdb83000 	C:\WINDOWS\System32\ADVAPI32.dll
0x00007ffdce2a0000 - 0x00007ffdce33e000 	C:\WINDOWS\System32\msvcrt.dll
0x00007ffdce340000 - 0x00007ffdce3d7000 	C:\WINDOWS\System32\sechost.dll
0x00007ffdcd4a0000 - 0x00007ffdcd5c0000 	C:\WINDOWS\System32\RPCRT4.dll
0x00007ffdcecb0000 - 0x00007ffdcee44000 	C:\WINDOWS\System32\USER32.dll
0x00007ffdcbf70000 - 0x00007ffdcbf91000 	C:\WINDOWS\System32\win32u.dll
0x00007ffdcd5c0000 - 0x00007ffdcd5e6000 	C:\WINDOWS\System32\GDI32.dll
0x00007ffdcca00000 - 0x00007ffdccb94000 	C:\WINDOWS\System32\gdi32full.dll
0x00007ffdcbfa0000 - 0x00007ffdcc03e000 	C:\WINDOWS\System32\msvcp_win.dll
0x00007ffda2ad0000 - 0x00007ffda2ae5000 	C:\Program Files\Java\jdk-13.0.1\bin\VCRUNTIME140.dll
0x00007ffdbef20000 - 0x00007ffdbf1a5000 	C:\WINDOWS\WinSxS\amd64_microsoft.windows.common-controls_6595b64144ccf1df_6.0.18362.657_none_e6c5b579130e3898\COMCTL32.dll
0x00007ffdcd5f0000 - 0x00007ffdcd926000 	C:\WINDOWS\System32\combase.dll
0x00007ffdcc810000 - 0x00007ffdcc890000 	C:\WINDOWS\System32\bcryptPrimitives.dll
0x00007ffdc0aa0000 - 0x00007ffdc0aaa000 	C:\WINDOWS\SYSTEM32\VERSION.dll
0x00007ffdcec80000 - 0x00007ffdcecae000 	C:\WINDOWS\System32\IMM32.DLL
0x00007ffd8a2f0000 - 0x00007ffd8a38b000 	C:\Program Files\Java\jdk-13.0.1\bin\msvcp140.dll
0x00007ffd7ef60000 - 0x00007ffd7fac6000 	C:\Program Files\Java\jdk-13.0.1\bin\server\jvm.dll
0x00007ffdceed0000 - 0x00007ffdceed8000 	C:\WINDOWS\System32\PSAPI.DLL
0x00007ffdc8bb0000 - 0x00007ffdc8bb9000 	C:\WINDOWS\SYSTEM32\WSOCK32.dll
0x00007ffdce5f0000 - 0x00007ffdce65f000 	C:\WINDOWS\System32\WS2_32.dll
0x00007ffdc8730000 - 0x00007ffdc8754000 	C:\WINDOWS\SYSTEM32\WINMM.dll
0x00007ffdc8700000 - 0x00007ffdc872d000 	C:\WINDOWS\SYSTEM32\WINMMBASE.dll
0x00007ffdcc040000 - 0x00007ffdcc08a000 	C:\WINDOWS\System32\cfgmgr32.dll
0x00007ffdcbed0000 - 0x00007ffdcbee1000 	C:\WINDOWS\System32\kernel.appcore.dll
0x00007ffdc2c20000 - 0x00007ffdc2c30000 	C:\Program Files\Java\jdk-13.0.1\bin\verify.dll
0x00007ffdb9f90000 - 0x00007ffdba184000 	C:\WINDOWS\SYSTEM32\DBGHELP.DLL
0x00007ffdb9a10000 - 0x00007ffdb9a3a000 	C:\WINDOWS\SYSTEM32\dbgcore.DLL
0x00007ffda99d0000 - 0x00007ffda99f6000 	C:\Program Files\Java\jdk-13.0.1\bin\java.dll
0x00007ffdbdf30000 - 0x00007ffdbdf47000 	C:\Program Files\Java\jdk-13.0.1\bin\zip.dll
0x00007ffdc2c10000 - 0x00007ffdc2c1a000 	C:\Program Files\Java\jdk-13.0.1\bin\jimage.dll
0x00007ffdcdbb0000 - 0x00007ffdce295000 	C:\WINDOWS\System32\SHELL32.dll
0x00007ffdce660000 - 0x00007ffdce709000 	C:\WINDOWS\System32\shcore.dll
0x00007ffdcc090000 - 0x00007ffdcc80f000 	C:\WINDOWS\System32\windows.storage.dll
0x00007ffdcbe60000 - 0x00007ffdcbe7f000 	C:\WINDOWS\System32\profapi.dll
0x00007ffdcbe80000 - 0x00007ffdcbeca000 	C:\WINDOWS\System32\powrprof.dll
0x00007ffdcbe50000 - 0x00007ffdcbe60000 	C:\WINDOWS\System32\UMPDC.dll
0x00007ffdceb40000 - 0x00007ffdceb92000 	C:\WINDOWS\System32\shlwapi.dll
0x00007ffdcc890000 - 0x00007ffdcc8a7000 	C:\WINDOWS\System32\cryptsp.dll
0x00007ffda8e10000 - 0x00007ffda8e29000 	C:\Program Files\Java\jdk-13.0.1\bin\net.dll
0x00007ffdbe5f0000 - 0x00007ffdbe6e0000 	C:\WINDOWS\SYSTEM32\WINHTTP.dll
0x00007ffdcb6c0000 - 0x00007ffdcb727000 	C:\WINDOWS\system32\mswsock.dll
0x00007ffda8df0000 - 0x00007ffda8e03000 	C:\Program Files\Java\jdk-13.0.1\bin\nio.dll

dbghelp: loaded successfully - version: 4.0.5 - missing functions: none
symbol engine: initialized successfully - sym options: 0x614 - pdb path: .;C:\Program Files\Java\jdk-13.0.1\bin;C:\WINDOWS\SYSTEM32;C:\WINDOWS\WinSxS\amd64_microsoft.windows.common-controls_6595b64144ccf1df_6.0.18362.657_none_e6c5b579130e3898;C:\Program Files\Java\jdk-13.0.1\bin\server

VM Arguments:
jvm_args: -Dfile.encoding=UTF-8 
java_command: com.sesame.ProjetUniversiteApplication
java_class_path (initial): C:\Users\takwa\Desktop\4ingB\sem2\sem2\jee\tps\ProjetUniversite\target\classes;C:\Users\takwa\.m2\repository\org\springframework\boot\spring-boot-starter-data-jpa\2.2.4.RELEASE\spring-boot-starter-data-jpa-2.2.4.RELEASE.jar;C:\Users\takwa\.m2\repository\org\springframework\boot\spring-boot-starter-aop\2.2.4.RELEASE\spring-boot-starter-aop-2.2.4.RELEASE.jar;C:\Users\takwa\.m2\repository\org\springframework\spring-aop\5.2.3.RELEASE\spring-aop-5.2.3.RELEASE.jar;C:\Users\takwa\.m2\repository\org\aspectj\aspectjweaver\1.9.5\aspectjweaver-1.9.5.jar;C:\Users\takwa\.m2\repository\org\springframework\boot\spring-boot-starter-jdbc\2.2.4.RELEASE\spring-boot-starter-jdbc-2.2.4.RELEASE.jar;C:\Users\takwa\.m2\repository\com\zaxxer\HikariCP\3.4.2\HikariCP-3.4.2.jar;C:\Users\takwa\.m2\repository\org\springframework\spring-jdbc\5.2.3.RELEASE\spring-jdbc-5.2.3.RELEASE.jar;C:\Users\takwa\.m2\repository\jakarta\activation\jakarta.activation-api\1.2.1\jakarta.activation-api-1.2.1.jar;C:\Users\takwa\.m2\repository\jakarta\persistence\jakarta.persistence-api\2.2.3\jakarta.persistence-api-2.2.3.jar;C:\Users\takwa\.m2\repository\jakarta\transaction\jakarta.transaction-api\1.3.3\jakarta.transaction-api-1.3.3.jar;C:\Users\takwa\.m2\repository\org\hibernate\hibernate-core\5.4.10.Final\hibernate-core-5.4.10.Final.jar;C:\Users\takwa\.m2\repository\org\jboss\logging\jboss-logging\3.4.1.Final\jboss-logging-3.4.1.Final.jar;C:\Users\takwa\.m2\repository\org\javassist\javassist\3.24.0-GA\javassist-3.24.0-GA.jar;C:\Users\takwa\.m2\repository\net\bytebuddy\byte-buddy\1.10.6\byte-buddy-1.10.6.jar;C:\Users\takwa\.m2\repository\antlr\antlr\2.7.7\antlr-2.7.7.jar;C:\Users\takwa\.m2\repository\org\jboss\jandex\2.1.1.Final\jandex-2.1.1.Final.jar;C:\Users\takwa\.m2\repository\com\fasterxml\classmate\1.5.1\classmate-1.5.1.jar;C:\Users\takwa\.m2\repository\org\dom4j\dom4j\2.1.1\dom4j-2.1.1.jar;C:\Users\takwa\.m2\repository\org\hibernate\common\hibernate-commons-annotations\5.1.0.Fina
Launcher Type: SUN_STANDARD

[Global flags]
     intx CICompilerCount                          = 3                                         {product} {ergonomic}
     uint ConcGCThreads                            = 1                                         {product} {ergonomic}
     uint G1ConcRefinementThreads                  = 4                                         {product} {ergonomic}
   size_t G1HeapRegionSize                         = 1048576                                   {product} {ergonomic}
    uintx GCDrainStackTargetSize                   = 64                                        {product} {ergonomic}
   size_t InitialHeapSize                          = 65011712                                  {product} {ergonomic}
   size_t MarkStackSize                            = 4194304                                   {product} {ergonomic}
   size_t MaxHeapSize                              = 1031798784                                {product} {ergonomic}
   size_t MaxNewSize                               = 618659840                                 {product} {ergonomic}
   size_t MinHeapDeltaBytes                        = 1048576                                   {product} {ergonomic}
   size_t MinHeapSize                              = 8388608                                   {product} {ergonomic}
    uintx NonNMethodCodeHeapSize                   = 5830732                                {pd product} {ergonomic}
    uintx NonProfiledCodeHeapSize                  = 122913754                              {pd product} {ergonomic}
    uintx ProfiledCodeHeapSize                     = 122913754                              {pd product} {ergonomic}
    uintx ReservedCodeCacheSize                    = 251658240                              {pd product} {ergonomic}
     bool SegmentedCodeCache                       = true                                      {product} {ergonomic}
   size_t SoftMaxHeapSize                          = 1031798784                             {manageable} {ergonomic}
     bool UseCompressedClassPointers               = true                                 {lp64_product} {ergonomic}
     bool UseCompressedOops                        = true                                 {lp64_product} {ergonomic}
     bool UseG1GC                                  = true                                      {product} {ergonomic}
     bool UseLargePagesIndividualAllocation        = false                                  {pd product} {ergonomic}

Logging:
Log output configuration:
 #0: stdout all=warning uptime,level,tags
 #1: stderr all=off uptime,level,tags

Environment Variables:
PATH=C:/Program Files/Java/jdk-13.0.1/bin/server;C:/Program Files/Java/jdk-13.0.1/bin;C:\Program Files (x86)\Common Files\Oracle\Java\javapath;C:\oraclexe\app\oracle\product\11.2.0\server\bin;C:\WINDOWS\system32;C:\WINDOWS;C:\WINDOWS\System32\Wbem;C:\WINDOWS\System32\WindowsPowerShell\v1.0\;C:\xampp\php;C:\WINDOWS\System32\OpenSSH\;C:\Program Files\Git\cmd;C:\Program Files\Java\jdk1.8.0_231;C:\Program Files\Java\jre1.8.0_231;C:\Program Files\dotnet\;C:\Program Files\Microsoft SQL Server\130\Tools\Binn\;C:\Program Files\Microsoft SQL Server\Client SDK\ODBC\170\Tools\Binn\;C:\Users\takwa\AppData\Local\Microsoft\WindowsApps;C:\Users\takwa\Desktop;
USERNAME=takwa
OS=Windows_NT
PROCESSOR_IDENTIFIER=Intel64 Family 6 Model 58 Stepping 9, GenuineIntel



---------------  S Y S T E M  ---------------

OS: Windows 10 , 64 bit Build 18362 (10.0.18362.329)

CPU:total 4 (initial active 4) (2 cores per cpu, 2 threads per core) family 6 model 58 stepping 9, cmov, cx8, fxsr, mmx, sse, sse2, sse3, ssse3, sse4.1, sse4.2, popcnt, avx, aes, clmul, erms, ht, tsc, tscinvbit, tscinv

Memory: 4k page, system-wide physical 3934M (476M free)
TotalPageFile size 8947M (AvailPageFile size 7M)
current process WorkingSet (physical memory assigned to process): 66M, peak: 66M
current process commit charge ("private bytes"): 151M, peak: 152M

vm_info: Java HotSpot(TM) 64-Bit Server VM (13.0.1+9) for windows-amd64 JRE (13.0.1+9), built on Oct  6 2019 12:37:49 by "mach5one" with unknown MS VC++:1916

END.
